Using pre-set license
Built from '2022.3/staging' branch; Version is '2022.3.43f1 (85497d293fa1) revision 8735101'; Using compiler version '192829333'; Build Type 'Release'
OS: 'Windows 11  (10.0.26200) 64bit Core' Language: 'zh' Physical Memory: 32550 MB
BatchMode: 1, IsHumanControllingUs: 0, StartBugReporterOnCrash: 0, Is64bit: 1, IsPro: 1

COMMAND LINE ARGUMENTS:
C:\Program Files\Unity\Hub\Editor\2022.3.43f1\Editor\Unity.exe
-adb2
-batchMode
-noUpm
-name
AssetImportWorker0
-projectPath
D:/User/Desktop/Society/case/VR/3_ShootingTeach/shooting
-logFile
Logs/AssetImportWorker0.log
-srvPort
52886
Successfully changed project path to: D:/User/Desktop/Society/case/VR/3_ShootingTeach/shooting
D:/User/Desktop/Society/case/VR/3_ShootingTeach/shooting
[UnityMemory] Configuration Parameters - Can be set up in boot.config
    "memorysetup-bucket-allocator-granularity=16"
    "memorysetup-bucket-allocator-bucket-count=8"
    "memorysetup-bucket-allocator-block-size=33554432"
    "memorysetup-bucket-allocator-block-count=8"
    "memorysetup-main-allocator-block-size=16777216"
    "memorysetup-thread-allocator-block-size=16777216"
    "memorysetup-gfx-main-allocator-block-size=16777216"
    "memorysetup-gfx-thread-allocator-block-size=16777216"
    "memorysetup-cache-allocator-block-size=4194304"
    "memorysetup-typetree-allocator-block-size=2097152"
    "memorysetup-profiler-bucket-allocator-granularity=16"
    "memorysetup-profiler-bucket-allocator-bucket-count=8"
    "memorysetup-profiler-bucket-allocator-block-size=33554432"
    "memorysetup-profiler-bucket-allocator-block-count=8"
    "memorysetup-profiler-allocator-block-size=16777216"
    "memorysetup-profiler-editor-allocator-block-size=1048576"
    "memorysetup-temp-allocator-size-main=16777216"
    "memorysetup-job-temp-allocator-block-size=2097152"
    "memorysetup-job-temp-allocator-block-size-background=1048576"
    "memorysetup-job-temp-allocator-reduction-small-platforms=262144"
    "memorysetup-allocator-temp-initial-block-size-main=262144"
    "memorysetup-allocator-temp-initial-block-size-worker=262144"
    "memorysetup-temp-allocator-size-background-worker=32768"
    "memorysetup-temp-allocator-size-job-worker=262144"
    "memorysetup-temp-allocator-size-preload-manager=33554432"
    "memorysetup-temp-allocator-size-nav-mesh-worker=65536"
    "memorysetup-temp-allocator-size-audio-worker=65536"
    "memorysetup-temp-allocator-size-cloud-worker=32768"
    "memorysetup-temp-allocator-size-gi-baking-worker=262144"
    "memorysetup-temp-allocator-size-gfx=262144"
Player connection [37820]  Target information:

Player connection [37820]  * "[IP] 192.168.0.16 [Port] 0 [Flags] 2 [Guid] 2165268907 [EditorId] 2165268907 [Version] 1048832 [Id] WindowsEditor(7,LAPTOP-HCP2CHRV) [Debug] 1 [PackageName] WindowsEditor [ProjectName] Editor" 

Player connection [37820]  * "[IP] 192.168.0.22 [Port] 0 [Flags] 2 [Guid] 2165268907 [EditorId] 2165268907 [Version] 1048832 [Id] WindowsEditor(7,LAPTOP-HCP2CHRV) [Debug] 1 [PackageName] WindowsEditor [ProjectName] Editor" 

Player connection [37820] Host joined multi-casting on [225.0.0.222:54997]...
Player connection [37820] Host joined alternative multi-casting on [225.0.0.222:34997]...
[PhysX] Initialized MultithreadedTaskDispatcher with 12 workers.
Refreshing native plugins compatible for Editor in 56.83 ms, found 14 plugins.
Unity memory allocator detected: MetaXRAudio native memory allocations will be tracked.
Preloading 3 native plugins for Editor in 8.34 ms.
Initialize engine version: 2022.3.43f1 (85497d293fa1)
[Subsystems] Discovering subsystems at path C:/Program Files/Unity/Hub/Editor/2022.3.43f1/Editor/Data/Resources/UnitySubsystems
[Subsystems] Discovering subsystems at path D:/User/Desktop/Society/case/VR/3_ShootingTeach/shooting/Assets
GfxDevice: creating device client; threaded=0; jobified=0
Direct3D:
    Version:  Direct3D 11.0 [level 11.1]
    Renderer: NVIDIA GeForce RTX 2060 (ID=0x1f15)
    Vendor:   NVIDIA
    VRAM:     5955 MB
    Driver:   32.0.15.5597
Shader 'Meta/MRUK/Scene/HighlightsAndShadows': fallback shader 'Off' not found
Shader 'Oculus/OVRMRCameraFrameLit': fallback shader 'Alpha-Diffuse' not found
Initialize mono
Mono path[0] = 'C:/Program Files/Unity/Hub/Editor/2022.3.43f1/Editor/Data/Managed'
Mono path[1] = 'C:/Program Files/Unity/Hub/Editor/2022.3.43f1/Editor/Data/MonoBleedingEdge/lib/mono/unityjit-win32'
Mono config path = 'C:/Program Files/Unity/Hub/Editor/2022.3.43f1/Editor/Data/MonoBleedingEdge/etc'
Using monoOptions --debugger-agent=transport=dt_socket,embedding=1,server=y,suspend=n,address=127.0.0.1:56504
Begin MonoManager ReloadAssembly
Registering precompiled unity dll's ...
Register platform support module: C:/Program Files/Unity/Hub/Editor/2022.3.43f1/Editor/Data/PlaybackEngines/AndroidPlayer/UnityEditor.Android.Extensions.dll
Register platform support module: C:/Program Files/Unity/Hub/Editor/2022.3.43f1/Editor/Data/PlaybackEngines/WindowsStandaloneSupport/UnityEditor.WindowsStandalone.Extensions.dll
Registered in 0.014947 seconds.
- Loaded All Assemblies, in  0.557 seconds
Native extension for WindowsStandalone target not found
Native extension for Android target not found
Android Extension - Scanning For ADB Devices 583 ms
Mono: successfully reloaded assembly
- Finished resetting the current domain, in  1.019 seconds
Domain Reload Profiling: 1573ms
	BeginReloadAssembly (182ms)
		ExecutionOrderSort (0ms)
		DisableScriptedObjects (0ms)
		BackupInstance (0ms)
		ReleaseScriptingObjects (0ms)
		CreateAndSetChildDomain (1ms)
	RebuildCommonClasses (50ms)
	RebuildNativeTypeToScriptingClass (15ms)
	initialDomainReloadingComplete (89ms)
	LoadAllAssembliesAndSetupDomain (216ms)
		LoadAssemblies (180ms)
		RebuildTransferFunctionScriptingTraits (0ms)
		AnalyzeDomain (212ms)
			TypeCache.Refresh (210ms)
				TypeCache.ScanAssembly (190ms)
			ScanForSourceGeneratedMonoScriptInfo (0ms)
			ResolveRequiredComponents (1ms)
	FinalizeReload (1019ms)
		ReleaseScriptCaches (0ms)
		RebuildScriptCaches (0ms)
		SetupLoadedEditorAssemblies (953ms)
			LogAssemblyErrors (0ms)
			InitializePlatformSupportModulesInManaged (695ms)
			SetLoadedEditorAssemblies (6ms)
			RefreshPlugins (0ms)
			BeforeProcessingInitializeOnLoad (3ms)
			ProcessInitializeOnLoadAttributes (183ms)
			ProcessInitializeOnLoadMethodAttributes (65ms)
			AfterProcessingInitializeOnLoad (0ms)
			EditorAssembliesLoaded (0ms)
		ExecutionOrderSort2 (0ms)
		AwakeInstancesAfterBackupRestoration (0ms)
========================================================================
Worker process is ready to serve import requests
Caller must complete domain reload
Begin MonoManager ReloadAssembly
Symbol file LoadedFromMemory is not a mono symbol file
- Loaded All Assemblies, in  1.467 seconds
Native extension for WindowsStandalone target not found
Native extension for Android target not found
Package Manager log level set to [2]
[Package Manager] Server::EnsureServerProcessIsRunning -- launch failed, reason: Unity was launched with the -noUpm command-line argument
[Package Manager] UpmClient::Send -- Unable to send message (not connected to UPM process).
[Package Manager] Cannot connect to Unity Package Manager local server
[Package Manager] Server::EnsureServerProcessIsRunning -- launch failed, reason: Unity was launched with the -noUpm command-line argument
[Package Manager] UpmClient::Send -- Unable to send message (not connected to UPM process).
[Package Manager] Cannot connect to Unity Package Manager local server
[Package Manager] Server::EnsureServerProcessIsRunning -- launch failed, reason: Unity was launched with the -noUpm command-line argument
[Package Manager] UpmClient::Send -- Unable to send message (not connected to UPM process).
[Package Manager] Cannot connect to Unity Package Manager local server
System.Reflection.TargetInvocationException: Exception has been thrown by the target of an invocation. ---> System.NullReferenceException: Object reference not set to an instance of an object
  at Unity.XR.Oculus.OculusLoader.AssetPathToAbsolutePath (System.String assetPath) [0x00041] in .\Library\PackageCache\com.unity.xr.oculus@4.5.1\Runtime\OculusLoader.cs:312 
  at Unity.XR.Oculus.OculusLoader.EditorLoadOVRPlugin () [0x000dd] in .\Library\PackageCache\com.unity.xr.oculus@4.5.1\Runtime\OculusLoader.cs:297 
  at (wrapper managed-to-native) System.Reflection.RuntimeMethodInfo.InternalInvoke(System.Reflection.RuntimeMethodInfo,object,object[],System.Exception&)
  at System.Reflection.RuntimeMethodInfo.Invoke (System.Object obj, System.Reflection.BindingFlags invokeAttr, System.Reflection.Binder binder, System.Object[] parameters, System.Globalization.CultureInfo culture) [0x0006a] in <8ce0bd04a7a04b4b9395538239d3fdd8>:0 
   --- End of inner exception stack trace ---
  at System.Reflection.RuntimeMethodInfo.Invoke (System.Object obj, System.Reflection.BindingFlags invokeAttr, System.Reflection.Binder binder, System.Object[] parameters, System.Globalization.CultureInfo culture) [0x00083] in <8ce0bd04a7a04b4b9395538239d3fdd8>:0 
  at System.Reflection.MethodBase.Invoke (System.Object obj, System.Object[] parameters) [0x00000] in <8ce0bd04a7a04b4b9395538239d3fdd8>:0 
  at UnityEditor.EditorAssemblies.ProcessInitializeOnLoadMethodAttributes () [0x000a5] in <8d33a6384e1148858f2e669234fa89ff>:0 
UnityEngine.StackTraceUtility:ExtractStackTrace ()
UnityEngine.DebugLogHandler:LogFormat (UnityEngine.LogType,UnityEngine.Object,string,object[])
UnityEngine.Logger:Log (UnityEngine.LogType,object)
UnityEngine.Debug:LogError (object)
UnityEditor.EditorAssemblies:ProcessInitializeOnLoadMethodAttributes ()

Mono: successfully reloaded assembly
[Package Manager] Server::EnsureServerProcessIsRunning -- launch failed, reason: Unity was launched with the -noUpm command-line argument
[Package Manager] UpmClient::Send -- Unable to send message (not connected to UPM process).
[Package Manager] Cannot connect to Unity Package Manager local server
[Package Manager] Server::EnsureServerProcessIsRunning -- launch failed, reason: Unity was launched with the -noUpm command-line argument
[Package Manager] UpmClient::Send -- Unable to send message (not connected to UPM process).
[Package Manager] Cannot connect to Unity Package Manager local server
- Finished resetting the current domain, in  2.220 seconds
Domain Reload Profiling: 3683ms
	BeginReloadAssembly (241ms)
		ExecutionOrderSort (0ms)
		DisableScriptedObjects (8ms)
		BackupInstance (0ms)
		ReleaseScriptingObjects (0ms)
		CreateAndSetChildDomain (28ms)
	RebuildCommonClasses (49ms)
	RebuildNativeTypeToScriptingClass (13ms)
	initialDomainReloadingComplete (65ms)
	LoadAllAssembliesAndSetupDomain (1094ms)
		LoadAssemblies (728ms)
		RebuildTransferFunctionScriptingTraits (0ms)
		AnalyzeDomain (517ms)
			TypeCache.Refresh (415ms)
				TypeCache.ScanAssembly (376ms)
			ScanForSourceGeneratedMonoScriptInfo (75ms)
			ResolveRequiredComponents (26ms)
	FinalizeReload (2221ms)
		ReleaseScriptCaches (0ms)
		RebuildScriptCaches (0ms)
		SetupLoadedEditorAssemblies (1826ms)
			LogAssemblyErrors (0ms)
			InitializePlatformSupportModulesInManaged (40ms)
			SetLoadedEditorAssemblies (9ms)
			RefreshPlugins (0ms)
			BeforeProcessingInitializeOnLoad (299ms)
			ProcessInitializeOnLoadAttributes (1325ms)
			ProcessInitializeOnLoadMethodAttributes (137ms)
			AfterProcessingInitializeOnLoad (15ms)
			EditorAssembliesLoaded (1ms)
		ExecutionOrderSort2 (0ms)
		AwakeInstancesAfterBackupRestoration (18ms)
Shader 'Oculus/OVRMRCameraFrameLit': fallback shader 'Alpha-Diffuse' not found
Shader 'Meta/MRUK/Scene/HighlightsAndShadows': fallback shader 'Off' not found
Launched and connected shader compiler UnityShaderCompiler.exe after 0.10 seconds
Refreshing native plugins compatible for Editor in 34.60 ms, found 14 plugins.
Preloading 3 native plugins for Editor in 0.47 ms.
Unloading 7022 Unused Serialized files (Serialized files now loaded: 0)
Unloading 94 unused Assets / (507.9 KB). Loaded Objects now: 7426.
Memory consumption went from 252.5 MB to 252.0 MB.
Total: 8.722800 ms (FindLiveObjects: 0.607000 ms CreateObjectMapping: 0.687000 ms MarkObjects: 7.052800 ms  DeleteObjects: 0.375100 ms)

AssetImportParameters requested are different than current active one (requested -> active):
  custom:container-demuxer-ogg: 62fdf1f143b41e24485cea50d1cbac27 -> 
  custom:framework-win-MediaFoundation: 216162199b28c13a410421893ffa2e32 -> 
  custom:container-muxer-webm: aa71ff27fc2769a1b78a27578f13a17b -> 
  custom:video-decoder-webm-vp8: 9c59270c3fd7afecdb556c50c9e8de78 -> 
  custom:SearchIndexIgnoredProperties: e643bd26f0fe6173181afceb89e7c659 -> 
  custom:AudioImporter_EditorPlatform: d09bf68614088b80899f8185d706f6e7 -> 
  custom:audio-decoder-ogg-vorbis: bf7c407c2cedff20999df2af8eb42d56 -> 
  custom:audio-encoder-webm-vorbis: bf7c407c2cedff20999df2af8eb42d56 -> 
  custom:video-codec-MediaFoundation-h265: 746d11721c4dcdbdad8f713fa42b33f4 -> 
  custom:video-decoder-ogg-theora: a1e56fd34408186e4bbccfd4996cb3dc -> 
  custom:CustomObjectIndexerAttribute: 9a22284fe3817be447336de3de66b15e -> 
  custom:container-demuxer-webm: 4f35f7cbe854078d1ac9338744f61a02 -> 
  custom:video-encoder-webm-vp8: eb34c28f22e8b96e1ab97ce403110664 -> 
========================================================================
Received Import Request.
  Time since last request: 10519.953983 seconds.
  path: Assets
  artifactKey: Guid(00000000000000001000000000000000) Importer(815301076,1909f56bfc062723c751e8b465ee728b)
Start importing Assets using Guid(00000000000000001000000000000000) Importer(815301076,1909f56bfc062723c751e8b465ee728b) [PhysX] Initialized MultithreadedTaskDispatcher with 12 workers.
 -> (artifact id: 'ae5280ad91af67e2a353905758f96678') in 0.003510 seconds
Number of updated asset objects reloaded before import = 0
Number of asset objects unloaded after import = 0
========================================================================
Received Import Request.
  Time since last request: 0.000029 seconds.
  path: Assets/Samples/XR Interaction Toolkit/2.6.4/Starter Assets/DemoScene.unity
  artifactKey: Guid(319dafa5c80f29f428dc1e0d03f04177) Importer(815301076,1909f56bfc062723c751e8b465ee728b)
Start importing Assets/Samples/XR Interaction Toolkit/2.6.4/Starter Assets/DemoScene.unity using Guid(319dafa5c80f29f428dc1e0d03f04177) Importer(815301076,1909f56bfc062723c751e8b465ee728b) [PhysX] Initialized MultithreadedTaskDispatcher with 12 workers.
 -> (artifact id: '5fb78e21771006e6a913fe5bf8a0ff06') in 0.000588 seconds
Number of updated asset objects reloaded before import = 0
Number of asset objects unloaded after import = 0
========================================================================
Received Import Request.
  Time since last request: 0.000023 seconds.
  path: Assets/Resources
  artifactKey: Guid(d15067be9c69a884ca4407bfa95607ef) Importer(815301076,1909f56bfc062723c751e8b465ee728b)
Start importing Assets/Resources using Guid(d15067be9c69a884ca4407bfa95607ef) Importer(815301076,1909f56bfc062723c751e8b465ee728b) [PhysX] Initialized MultithreadedTaskDispatcher with 12 workers.
 -> (artifact id: '623e871cc4bbc8deb71b9972a20157f8') in 0.000526 seconds
Number of updated asset objects reloaded before import = 0
Number of asset objects unloaded after import = 0
========================================================================
Received Import Request.
  Time since last request: 0.000018 seconds.
  path: Assets/Samples
  artifactKey: Guid(a9e9b98cdb9580e4487483dff3c8324c) Importer(815301076,1909f56bfc062723c751e8b465ee728b)
Start importing Assets/Samples using Guid(a9e9b98cdb9580e4487483dff3c8324c) Importer(815301076,1909f56bfc062723c751e8b465ee728b) [PhysX] Initialized MultithreadedTaskDispatcher with 12 workers.
 -> (artifact id: '489dad85a477e7dc8dcbf0fe226e3d5c') in 0.000482 seconds
Number of updated asset objects reloaded before import = 0
Number of asset objects unloaded after import = 0
========================================================================
Received Import Request.
  Time since last request: 0.000019 seconds.
  path: Assets/Samples/XR Interaction Toolkit
  artifactKey: Guid(4c72b23235cc5cb4ea042d514ad1bec5) Importer(815301076,1909f56bfc062723c751e8b465ee728b)
Start importing Assets/Samples/XR Interaction Toolkit using Guid(4c72b23235cc5cb4ea042d514ad1bec5) Importer(815301076,1909f56bfc062723c751e8b465ee728b) [PhysX] Initialized MultithreadedTaskDispatcher with 12 workers.
 -> (artifact id: '865345ee0ede891d7b93eae9c0a607f6') in 0.000517 seconds
Number of updated asset objects reloaded before import = 0
Number of asset objects unloaded after import = 0
========================================================================
Received Prepare
Caller must complete domain reload
Begin MonoManager ReloadAssembly
Symbol file LoadedFromMemory is not a mono symbol file
- Loaded All Assemblies, in  1.451 seconds
The file 'MemoryStream' is corrupted! Remove it and launch unity again!
[Position out of bounds!]
Fatal Error! The file 'MemoryStream' is corrupted! Remove it and launch unity again!
[Position out of bounds!]
Crash!!!
SymInit: Symbol-SearchPath: 'C:/Program Files/Unity/Hub/Editor/2022.3.43f1/Editor/Data/Mono;.;D:\User\Desktop\Society\case\VR\3_ShootingTeach\shooting;D:\User\Desktop\Society\case\VR\3_ShootingTeach\shooting\Library\BurstCache\JIT;C:\Program Files\Unity\Hub\Editor\2022.3.43f1\Editor;C:\WINDOWS;C:\WINDOWS\system32;', symOptions: 534, UserName: 'kent2'
OS-Version: 10.0.0
C:\Program Files\Unity\Hub\Editor\2022.3.43f1\Editor\Unity.exe:Unity.exe (00007FF68FC70000), size: 82341888 (result: 0), SymType: '-deferred-', PDB: '', fileVersion: 2022.3.43.18813
C:\WINDOWS\SYSTEM32\ntdll.dll:ntdll.dll (00007FF826F00000), size: 2514944 (result: 0), SymType: '-deferred-', PDB: '', fileVersion: 10.0.26100.5516
C:\WINDOWS\System32\KERNEL32.DLL:KERNEL32.DLL (00007FF824CE0000), size: 815104 (result: 0), SymType: '-deferred-', PDB: '', fileVersion: 10.0.26100.5514
C:\WINDOWS\System32\KERNELBASE.dll:KERNELBASE.dll (00007FF824230000), size: 3977216 (result: 0), SymType: '-deferred-', PDB: '', fileVersion: 10.0.26100.5516
C:\WINDOWS\System32\CRYPT32.dll:CRYPT32.dll (00007FF8240B0000), size: 1536000 (result: 0), SymType: '-deferred-', PDB: '', fileVersion: 10.0.26100.5510
C:\WINDOWS\System32\ucrtbase.dll:ucrtbase.dll (00007FF824AF0000), size: 1355776 (result: 0), SymType: '-deferred-', PDB: '', fileVersion: 10.0.26100.5510
C:\WINDOWS\System32\USER32.dll:USER32.dll (00007FF8262E0000), size: 1884160 (result: 0), SymType: '-deferred-', PDB: '', fileVersion: 10.0.26100.5516
C:\WINDOWS\System32\win32u.dll:win32u.dll (00007FF824A00000), size: 159744 (result: 0), SymType: '-deferred-', PDB: '', fileVersion: 10.0.26100.5516
C:\WINDOWS\System32\GDI32.dll:GDI32.dll (00007FF824DB0000), size: 176128 (result: 0), SymType: '-deferred-', PDB: '', fileVersion: 10.0.26100.5516
C:\WINDOWS\System32\gdi32full.dll:gdi32full.dll (00007FF8248C0000), size: 1249280 (result: 0), SymType: '-deferred-', PDB: '', fileVersion: 10.0.26100.5516
C:\Program Files\Unity\Hub\Editor\2022.3.43f1\Editor\libfbxsdk.dll:libfbxsdk.dll (00007FFF417F0000), size: 8019968 (result: 0), SymType: '-deferred-', PDB: '', fileVersion: 2020.3.7.0
C:\WINDOWS\SYSTEM32\bcrypt.dll:bcrypt.dll (00007FF823A10000), size: 155648 (result: 0), SymType: '-deferred-', PDB: '', fileVersion: 10.0.26100.5503
C:\Program Files\Unity\Hub\Editor\2022.3.43f1\Editor\s3tcompress.dll:s3tcompress.dll (00007FF80CB20000), size: 180224 (result: 0), SymType: '-deferred-', PDB: ''
C:\WINDOWS\System32\msvcp_win.dll:msvcp_win.dll (00007FF824600000), size: 667648 (result: 0), SymType: '-deferred-', PDB: '', fileVersion: 10.0.26100.5503
C:\WINDOWS\System32\ADVAPI32.dll:ADVAPI32.dll (00007FF826220000), size: 729088 (result: 0), SymType: '-deferred-', PDB: '', fileVersion: 10.0.26100.5506
C:\WINDOWS\System32\msvcrt.dll:msvcrt.dll (00007FF824DE0000), size: 692224 (result: 0), SymType: '-deferred-', PDB: '', fileVersion: 7.0.26100.5510
C:\WINDOWS\System32\SHELL32.dll:SHELL32.dll (00007FF8264C0000), size: 7512064 (result: 0), SymType: '-deferred-', PDB: '', fileVersion: 10.0.26100.5516
C:\WINDOWS\System32\sechost.dll:sechost.dll (00007FF825560000), size: 679936 (result: 0), SymType: '-deferred-', PDB: '', fileVersion: 10.0.26100.5510
C:\Program Files\Unity\Hub\Editor\2022.3.43f1\Editor\etccompress.dll:etccompress.dll (00007FFF41310000), size: 5066752 (result: 0), SymType: '-deferred-', PDB: ''
C:\Program Files\Unity\Hub\Editor\2022.3.43f1\Editor\ispc_texcomp.dll:ispc_texcomp.dll (00007FF80ADC0000), size: 1826816 (result: 0), SymType: '-deferred-', PDB: ''
C:\WINDOWS\System32\wintypes.dll:wintypes.dll (00007FF824740000), size: 1523712 (result: 0), SymType: '-deferred-', PDB: '', fileVersion: 10.0.26100.5516
C:\WINDOWS\System32\RPCRT4.dll:RPCRT4.dll (00007FF825920000), size: 1134592 (result: 0), SymType: '-deferred-', PDB: '', fileVersion: 10.0.26100.5504
C:\WINDOWS\System32\combase.dll:combase.dll (00007FF824F90000), size: 3682304 (result: 0), SymType: '-deferred-', PDB: '', fileVersion: 10.0.26100.5514
C:\WINDOWS\System32\SHLWAPI.dll:SHLWAPI.dll (00007FF826DA0000), size: 417792 (result: 0), SymType: '-deferred-', PDB: '', fileVersion: 10.0.26100.5516
C:\Program Files\Unity\Hub\Editor\2022.3.43f1\Editor\compress_bc7e.dll:compress_bc7e.dll (00007FFFECD30000), size: 1433600 (result: 0), SymType: '-deferred-', PDB: ''
C:\Program Files\Unity\Hub\Editor\2022.3.43f1\Editor\FreeImage.dll:FreeImage.dll (0000000180000000), size: 5783552 (result: 0), SymType: '-deferred-', PDB: '', fileVersion: 3.18.0.0
C:\WINDOWS\System32\ole32.dll:ole32.dll (00007FF825780000), size: 1662976 (result: 0), SymType: '-deferred-', PDB: '', fileVersion: 10.0.26100.5510
C:\Program Files\Unity\Hub\Editor\2022.3.43f1\Editor\WinPixEventRuntime.dll:WinPixEventRuntime.dll (00007FF819AB0000), size: 45056 (result: 0), SymType: '-deferred-', PDB: '', fileVersion: 1.0.1812.6001
C:\WINDOWS\System32\WS2_32.dll:WS2_32.dll (00007FF8256F0000), size: 475136 (result: 0), SymType: '-deferred-', PDB: '', fileVersion: 10.0.26100.5503
C:\WINDOWS\System32\IMM32.dll:IMM32.dll (00007FF826BF0000), size: 192512 (result: 0), SymType: '-deferred-', PDB: '', fileVersion: 10.0.26100.1150
C:\Program Files\Unity\Hub\Editor\2022.3.43f1\Editor\umbraoptimizer64.dll:umbraoptimizer64.dll (00007FFF4A140000), size: 1187840 (result: 0), SymType: '-deferred-', PDB: ''
C:\WINDOWS\System32\SETUPAPI.dll:SETUPAPI.dll (00007FF825A40000), size: 4743168 (result: 0), SymType: '-deferred-', PDB: '', fileVersion: 10.0.26100.5514
C:\WINDOWS\System32\OLEAUT32.dll:OLEAUT32.dll (00007FF826130000), size: 876544 (result: 0), SymType: '-deferred-', PDB: '', fileVersion: 10.0.26100.5510
C:\WINDOWS\System32\WINTRUST.dll:WINTRUST.dll (00007FF8246B0000), size: 524288 (result: 0), SymType: '-deferred-', PDB: '', fileVersion: 10.0.26100.5514
C:\WINDOWS\SYSTEM32\VCRUNTIME140_1.dll:VCRUNTIME140_1.dll (00007FF808EB0000), size: 49152 (result: 0), SymType: '-deferred-', PDB: '', fileVersion: 14.42.34433.0
C:\WINDOWS\SYSTEM32\VCRUNTIME140.dll:VCRUNTIME140.dll (00007FF807730000), size: 122880 (result: 0), SymType: '-deferred-', PDB: '', fileVersion: 14.42.34433.0
C:\WINDOWS\SYSTEM32\MSVCP140.dll:MSVCP140.dll (00007FF807750000), size: 577536 (result: 0), SymType: '-deferred-', PDB: '', fileVersion: 14.42.34433.0
C:\WINDOWS\SYSTEM32\OPENGL32.dll:OPENGL32.dll (00007FF8010B0000), size: 1097728 (result: 0), SymType: '-deferred-', PDB: '', fileVersion: 10.0.26100.5510
C:\WINDOWS\SYSTEM32\GLU32.dll:GLU32.dll (00007FF800A80000), size: 184320 (result: 0), SymType: '-deferred-', PDB: '', fileVersion: 10.0.26100.1150
C:\WINDOWS\SYSTEM32\IPHLPAPI.DLL:IPHLPAPI.DLL (00007FF8229F0000), size: 208896 (result: 0), SymType: '-deferred-', PDB: '', fileVersion: 10.0.26100.5516
C:\WINDOWS\SYSTEM32\WINHTTP.dll:WINHTTP.dll (00007FF81B430000), size: 1171456 (result: 0), SymType: '-deferred-', PDB: '', fileVersion: 10.0.26100.5514
C:\WINDOWS\SYSTEM32\WINMM.dll:WINMM.dll (00007FF814450000), size: 221184 (result: 0), SymType: '-deferred-', PDB: '', fileVersion: 10.0.26100.5510
C:\WINDOWS\SYSTEM32\HID.DLL:HID.DLL (00007FF8225C0000), size: 61440 (result: 0), SymType: '-deferred-', PDB: '', fileVersion: 10.0.26100.1150
C:\WINDOWS\SYSTEM32\dwmapi.dll:dwmapi.dll (00007FF8211C0000), size: 217088 (result: 0), SymType: '-deferred-', PDB: '', fileVersion: 10.0.26100.5516
C:\Program Files\Unity\Hub\Editor\2022.3.43f1\Editor\SketchUpAPI.dll:SketchUpAPI.dll (00007FFF408B0000), size: 8990720 (result: 0), SymType: '-deferred-', PDB: '', fileVersion: 23.0.0.0
C:\Program Files\Unity\Hub\Editor\2022.3.43f1\Editor\NativeProxyHelper.dll:NativeProxyHelper.dll (00007FFF41150000), size: 1789952 (result: 0), SymType: '-deferred-', PDB: ''
C:\WINDOWS\SYSTEM32\VERSION.dll:VERSION.dll (00007FF8192B0000), size: 45056 (result: 0), SymType: '-deferred-', PDB: '', fileVersion: 10.0.26100.1150
C:\WINDOWS\SYSTEM32\WSOCK32.dll:WSOCK32.dll (00007FF814A30000), size: 40960 (result: 0), SymType: '-deferred-', PDB: '', fileVersion: 10.0.26100.1
C:\Program Files\Unity\Hub\Editor\2022.3.43f1\Editor\SketchUpCommonPreferences.dll:SketchUpCommonPreferences.dll (00007FF80AFF0000), size: 499712 (result: 0), SymType: '-deferred-', PDB: '', fileVersion: 23.0.0.0
C:\WINDOWS\SYSTEM32\Secur32.dll:Secur32.dll (00007FF821160000), size: 53248 (result: 0), SymType: '-deferred-', PDB: '', fileVersion: 10.0.26100.1
C:\WINDOWS\SYSTEM32\dxcore.dll:dxcore.dll (00007FF821210000), size: 290816 (result: 0), SymType: '-deferred-', PDB: '', fileVersion: 10.0.26100.5510
C:\WINDOWS\SYSTEM32\SSPICLI.DLL:SSPICLI.DLL (00007FF8232B0000), size: 294912 (result: 0), SymType: '-deferred-', PDB: '', fileVersion: 10.0.26100.5510
C:\Program Files\Unity\Hub\Editor\2022.3.43f1\Editor\OpenRL.dll:OpenRL.dll (0000021C1FE00000), size: 12779520 (result: 0), SymType: '-deferred-', PDB: '', fileVersion: 1.5.0.2907
C:\WINDOWS\SYSTEM32\cfgmgr32.DLL:cfgmgr32.DLL (00007FF823D40000), size: 356352 (result: 0), SymType: '-deferred-', PDB: '', fileVersion: 10.0.26100.5514
C:\WINDOWS\SYSTEM32\MSVCP100.dll:MSVCP100.dll (000000006D740000), size: 622592 (result: 0), SymType: '-deferred-', PDB: '', fileVersion: 10.0.40219.325
C:\WINDOWS\SYSTEM32\MSVCR100.dll:MSVCR100.dll (000000006D660000), size: 860160 (result: 0), SymType: '-deferred-', PDB: '', fileVersion: 10.0.40219.325
C:\Program Files\Unity\Hub\Editor\2022.3.43f1\Editor\embree.dll:embree.dll (00007FFF2B470000), size: 16711680 (result: 0), SymType: '-deferred-', PDB: '', fileVersion: 2.14.0.0
C:\WINDOWS\SYSTEM32\MSWSOCK.DLL:MSWSOCK.DLL (00007FF823530000), size: 434176 (result: 0), SymType: '-deferred-', PDB: '', fileVersion: 10.0.26100.5510
C:\Program Files\Unity\Hub\Editor\2022.3.43f1\Editor\tbb.dll:tbb.dll (00007FF80AD50000), size: 413696 (result: 0), SymType: '-deferred-', PDB: '', fileVersion: 2017.0.2016.1004
C:\WINDOWS\SYSTEM32\MSVCP120.dll:MSVCP120.dll (00007FFFECC50000), size: 679936 (result: 0), SymType: '-deferred-', PDB: '', fileVersion: 12.0.40664.0
C:\WINDOWS\SYSTEM32\MSVCR120.dll:MSVCR120.dll (00007FFFECAD0000), size: 978944 (result: 0), SymType: '-deferred-', PDB: '', fileVersion: 12.0.40664.0
C:\Program Files\Unity\Hub\Editor\2022.3.43f1\Editor\OpenRL_pthread.dll:OpenRL_pthread.dll (0000021C20A50000), size: 61440 (result: 0), SymType: '-deferred-', PDB: '', fileVersion: 2.9.0.0
C:\WINDOWS\SYSTEM32\MSASN1.dll:MSASN1.dll (00007FF8238F0000), size: 77824 (result: 0), SymType: '-deferred-', PDB: '', fileVersion: 10.0.26100.1150
\\?\dHCKkEVgtjzrJJeADovIPxyGdSCTAqY\GLOBAL??\C:\WINDOWS\system32\tmumh\20019\AddOn\8.55.0.1333\TmUmEvt64.dll:TmUmEvt64.dll (00007FF81A3D0000), size: 1417216 (result: 0), SymType: '-deferred-', PDB: '', fileVersion: 8.55.0.1333
C:\WINDOWS\System32\PSAPI.DLL:PSAPI.DLL (00007FF825550000), size: 32768 (result: 0), SymType: '-deferred-', PDB: '', fileVersion: 10.0.26100.1
\\?\dHCKkEVgtjzrJJeADovIPxyGdSCTAqY\GLOBAL??\C:\WINDOWS\system32\tmumh\20019\TmMon\2.9.0.1181\tmmon64.dll:tmmon64.dll (000000006FF90000), size: 1564672 (result: 0), SymType: '-deferred-', PDB: '', fileVersion: 2.9.0.1181
C:\WINDOWS\System32\bcryptprimitives.dll:bcryptprimitives.dll (00007FF824C40000), size: 626688 (result: 0), SymType: '-deferred-', PDB: '', fileVersion: 10.0.26100.5510
C:\WINDOWS\SYSTEM32\kernel.appcore.dll:kernel.appcore.dll (00007FF823010000), size: 106496 (result: 0), SymType: '-deferred-', PDB: '', fileVersion: 10.0.26100.5514
C:\WINDOWS\system32\uxtheme.dll:uxtheme.dll (00007FF8203C0000), size: 712704 (result: 0), SymType: '-deferred-', PDB: '', fileVersion: 10.0.26100.5516
C:\ProgramData\A-Volute\A-Volute.SonicStudio3\Modules\ScheduledModules\x64\AudioDevProps2.dll:AudioDevProps2.dll (00007FFFB3010000), size: 1249280 (result: 0), SymType: '-deferred-', PDB: '', fileVersion: 2.6.13.0
C:\WINDOWS\SYSTEM32\windows.storage.dll:windows.storage.dll (00007FF821D50000), size: 8724480 (result: 0), SymType: '-deferred-', PDB: '', fileVersion: 10.0.26100.5516
C:\WINDOWS\System32\SHCORE.dll:SHCORE.dll (0000021C431D0000), size: 974848 (result: 0), SymType: '-deferred-', PDB: '', fileVersion: 10.0.26100.5516
C:\WINDOWS\SYSTEM32\profapi.dll:profapi.dll (00007FF823FC0000), size: 192512 (result: 0), SymType: '-deferred-', PDB: '', fileVersion: 10.0.26100.5510
C:\WINDOWS\system32\IconCodecService.dll:IconCodecService.dll (00007FF814A20000), size: 45056 (result: 0), SymType: '-deferred-', PDB: '', fileVersion: 10.0.26100.1
C:\WINDOWS\SYSTEM32\WindowsCodecs.dll:WindowsCodecs.dll (00007FF81C540000), size: 2285568 (result: 0), SymType: '-deferred-', PDB: '', fileVersion: 10.0.26100.5514
C:\WINDOWS\System32\clbcatq.dll:clbcatq.dll (00007FF8253A0000), size: 688128 (result: 0), SymType: '-deferred-', PDB: '', fileVersion: 2001.12.10941.16384
C:\WINDOWS\System32\netprofm.dll:netprofm.dll (00007FF81BCA0000), size: 413696 (result: 0), SymType: '-deferred-', PDB: '', fileVersion: 10.0.26100.5503
C:\WINDOWS\System32\npmproxy.dll:npmproxy.dll (00007FF81A6C0000), size: 102400 (result: 0), SymType: '-deferred-', PDB: '', fileVersion: 10.0.26100.1150
C:\WINDOWS\System32\NSI.dll:NSI.dll (00007FF825770000), size: 40960 (result: 0), SymType: '-deferred-', PDB: '', fileVersion: 10.0.26100.1
C:\WINDOWS\SYSTEM32\dhcpcsvc6.DLL:dhcpcsvc6.DLL (00007FF81B600000), size: 122880 (result: 0), SymType: '-deferred-', PDB: '', fileVersion: 10.0.26100.5516
C:\WINDOWS\SYSTEM32\dhcpcsvc.DLL:dhcpcsvc.DLL (00007FF81B5D0000), size: 151552 (result: 0), SymType: '-deferred-', PDB: '', fileVersion: 10.0.26100.5516
C:\WINDOWS\SYSTEM32\DNSAPI.dll:DNSAPI.dll (00007FF822AC0000), size: 1200128 (result: 0), SymType: '-deferred-', PDB: '', fileVersion: 10.0.26100.5516
C:\WINDOWS\system32\napinsp.dll:napinsp.dll (00007FFFE2150000), size: 98304 (result: 0), SymType: '-deferred-', PDB: '', fileVersion: 10.0.26100.1150
C:\WINDOWS\System32\winrnr.dll:winrnr.dll (00007FFFE2130000), size: 73728 (result: 0), SymType: '-deferred-', PDB: '', fileVersion: 10.0.26100.1150
C:\WINDOWS\system32\nlansp_c.dll:nlansp_c.dll (00007FFFE1D80000), size: 196608 (result: 0), SymType: '-deferred-', PDB: '', fileVersion: 10.0.26100.5514
C:\WINDOWS\system32\wshbth.dll:wshbth.dll (00007FFFE1D60000), size: 90112 (result: 0), SymType: '-deferred-', PDB: '', fileVersion: 10.0.26100.1150
C:\WINDOWS\System32\fwpuclnt.dll:fwpuclnt.dll (00007FF81B9E0000), size: 548864 (result: 0), SymType: '-deferred-', PDB: '', fileVersion: 10.0.26100.5514
C:\Windows\System32\rasadhlp.dll:rasadhlp.dll (00007FF81A570000), size: 45056 (result: 0), SymType: '-deferred-', PDB: '', fileVersion: 10.0.26100.1150
C:\Program Files\Unity\Hub\Editor\2022.3.43f1\Editor\NVUnityPlugin.DLL:NVUnityPlugin.DLL (00007FFF40730000), size: 1519616 (result: 0), SymType: '-deferred-', PDB: ''
C:\Program Files\Unity\Hub\Editor\2022.3.43f1\Editor\Data\Tools\astcenc-avx2.dll:astcenc-avx2.dll (00007FFFD5020000), size: 540672 (result: 0), SymType: '-deferred-', PDB: ''
C:\WINDOWS\System32\MMDevApi.dll:MMDevApi.dll (00007FF813E80000), size: 630784 (result: 0), SymType: '-deferred-', PDB: '', fileVersion: 10.0.26100.5514
C:\WINDOWS\System32\DEVOBJ.dll:DEVOBJ.dll (00007FF823DA0000), size: 184320 (result: 0), SymType: '-deferred-', PDB: '', fileVersion: 10.0.26100.1150
C:\WINDOWS\SYSTEM32\AudioSes.dll:AudioSes.dll (00007FF810980000), size: 1822720 (result: 0), SymType: '-deferred-', PDB: '', fileVersion: 10.0.26100.5516
C:\ProgramData\A-Volute\A-Volute.SonicStudio3\Modules\ScheduledModules\x64\ProductInfo.dll:ProductInfo.dll (00007FFFC57A0000), size: 131072 (result: 0), SymType: '-deferred-', PDB: ''
C:\WINDOWS\SYSTEM32\PropSys.dll:PropSys.dll (00007FF81A770000), size: 1036288 (result: 0), SymType: '-deferred-', PDB: '', fileVersion: 7.0.26100.5516
D:\User\Desktop\Society\case\VR\3_ShootingTeach\shooting\Library\PackageCache\com.unity.xr.oculus@4.5.1\Runtime\x64\AudioPluginOculusSpatializer.dll:AudioPluginOculusSpatializer.dll (00007FFF40460000), size: 2899968 (result: 0), SymType: '-deferred-', PDB: ''
D:\User\Desktop\Society\case\VR\3_ShootingTeach\shooting\Library\PackageCache\com.meta.xr.sdk.audio@74.0.0\Runtime\Plugins\x86_64\MetaXRAudioUnity.dll:MetaXRAudioUnity.dll (00007FFF2B1F0000), size: 2605056 (result: 0), SymType: '-deferred-', PDB: ''
C:\WINDOWS\SYSTEM32\dbghelp.dll:dbghelp.dll (00007FF820F10000), size: 2363392 (result: 0), SymType: '-deferred-', PDB: '', fileVersion: 10.0.26100.5516
D:\User\Desktop\Society\case\VR\3_ShootingTeach\shooting\Library\PackageCache\com.meta.xr.sdk.voice@74.0.0\Lib\Telemetry\Plugins\SDKTelemetry.dll:SDKTelemetry.dll (00007FFF2A9A0000), size: 8654848 (result: 0), SymType: '-deferred-', PDB: ''
C:\WINDOWS\SYSTEM32\CRYPTBASE.DLL:CRYPTBASE.DLL (00007FF8237D0000), size: 49152 (result: 0), SymType: '-deferred-', PDB: '', fileVersion: 10.0.26100.1
C:\WINDOWS\SYSTEM32\d3d11.dll:d3d11.dll (00007FF8212E0000), size: 2514944 (result: 0), SymType: '-deferred-', PDB: '', fileVersion: 10.0.26100.5514
C:\WINDOWS\SYSTEM32\dxgi.dll:dxgi.dll (00007FF821570000), size: 1236992 (result: 0), SymType: '-deferred-', PDB: '', fileVersion: 10.0.26100.5516
C:\WINDOWS\SYSTEM32\directxdatabasehelper.dll:directxdatabasehelper.dll (00007FF821260000), size: 385024 (result: 0), SymType: '-deferred-', PDB: '', fileVersion: 10.0.26100.5514
C:\WINDOWS\System32\DriverStore\FileRepository\nvam.inf_amd64_900a074fe80431cd\nvldumdx.dll:nvldumdx.dll (00007FFF4D440000), size: 790528 (result: 0), SymType: '-deferred-', PDB: '', fileVersion: 32.0.15.5597
C:\WINDOWS\SYSTEM32\cryptnet.dll:cryptnet.dll (00007FF817580000), size: 241664 (result: 0), SymType: '-deferred-', PDB: '', fileVersion: 10.0.26100.5510
C:\WINDOWS\SYSTEM32\wldp.dll:wldp.dll (00007FF823890000), size: 380928 (result: 0), SymType: '-deferred-', PDB: '', fileVersion: 10.0.26100.5510
C:\WINDOWS\SYSTEM32\drvstore.dll:drvstore.dll (00007FF817400000), size: 1556480 (result: 0), SymType: '-deferred-', PDB: '', fileVersion: 10.0.26100.5514
C:\WINDOWS\System32\imagehlp.dll:imagehlp.dll (00007FF825670000), size: 131072 (result: 0), SymType: '-deferred-', PDB: '', fileVersion: 10.0.26100.1150
C:\WINDOWS\SYSTEM32\CRYPTSP.dll:CRYPTSP.dll (00007FF8237E0000), size: 106496 (result: 0), SymType: '-deferred-', PDB: '', fileVersion: 10.0.26100.5514
C:\WINDOWS\system32\rsaenh.dll:rsaenh.dll (00007FF822F70000), size: 237568 (result: 0), SymType: '-deferred-', PDB: '', fileVersion: 10.0.26100.5514
C:\WINDOWS\System32\DriverStore\FileRepository\nvam.inf_amd64_900a074fe80431cd\nvgpucomp64.dll:nvgpucomp64.dll (00007FFF28B70000), size: 31649792 (result: 0), SymType: '-deferred-', PDB: '', fileVersion: 32.0.15.5597
C:\WINDOWS\System32\DriverStore\FileRepository\nvam.inf_amd64_900a074fe80431cd\Display.NvContainer\NvMessageBus.dll:NvMessageBus.dll (00007FF8080C0000), size: 3506176 (result: 0), SymType: '-deferred-', PDB: '', fileVersion: 3.12.3354.5005
C:\WINDOWS\System32\DriverStore\FileRepository\nvam.inf_amd64_900a074fe80431cd\nvwgf2umx.dll:nvwgf2umx.dll (00007FFF19E30000), size: 62636032 (result: 0), SymType: '-deferred-', PDB: '', fileVersion: 32.0.15.5597
C:\WINDOWS\SYSTEM32\POWRPROF.dll:POWRPROF.dll (00007FF822D50000), size: 385024 (result: 0), SymType: '-deferred-', PDB: '', fileVersion: 10.0.26100.5516
C:\WINDOWS\SYSTEM32\UMPDC.dll:UMPDC.dll (00007FF822D30000), size: 81920 (result: 0), SymType: '-deferred-', PDB: '', fileVersion: 10.0.26100.1301
C:\WINDOWS\system32\nvspcap64.dll:nvspcap64.dll (00007FFF28890000), size: 2953216 (result: 0), SymType: '-deferred-', PDB: '', fileVersion: 3.27.0.120
C:\WINDOWS\SYSTEM32\ntmarta.dll:ntmarta.dll (00007FF823130000), size: 217088 (result: 0), SymType: '-deferred-', PDB: '', fileVersion: 10.0.26100.1150
C:\WINDOWS\system32\wbem\wbemprox.dll:wbemprox.dll (00007FF8128E0000), size: 73728 (result: 0), SymType: '-deferred-', PDB: '', fileVersion: 10.0.26100.1000
C:\WINDOWS\SYSTEM32\wbemcomn.dll:wbemcomn.dll (00007FF810790000), size: 499712 (result: 0), SymType: '-deferred-', PDB: '', fileVersion: 10.0.26100.1150
C:\WINDOWS\system32\wbem\wbemsvc.dll:wbemsvc.dll (00007FF80C470000), size: 86016 (result: 0), SymType: '-deferred-', PDB: '', fileVersion: 10.0.26100.1000
C:\WINDOWS\system32\wbem\fastprox.dll:fastprox.dll (00007FF80C500000), size: 983040 (result: 0), SymType: '-deferred-', PDB: '', fileVersion: 10.0.26100.5510
C:\WINDOWS\SYSTEM32\amsi.dll:amsi.dll (00007FF80B5E0000), size: 118784 (result: 0), SymType: '-deferred-', PDB: '', fileVersion: 10.0.26100.1150
C:\WINDOWS\SYSTEM32\USERENV.dll:USERENV.dll (00007FF8235D0000), size: 176128 (result: 0), SymType: '-deferred-', PDB: '', fileVersion: 10.0.26100.5503
C:\WINDOWS\system32\TmAMSI\TmAMSIProvider64.dll:TmAMSIProvider64.dll (00007FF80B590000), size: 282624 (result: 0), SymType: '-deferred-', PDB: '', fileVersion: 8.55.0.1275
C:\Program Files\Unity\Hub\Editor\2022.3.43f1\Editor\cudart64_90.dll:cudart64_90.dll (00007FFFECA60000), size: 397312 (result: 0), SymType: '-deferred-', PDB: '', fileVersion: 6.14.11.9000
C:\WINDOWS\SYSTEM32\opencl.dll:opencl.dll (00007FFF607D0000), size: 483328 (result: 0), SymType: '-deferred-', PDB: '', fileVersion: 3.0.6.0
C:\Program Files\Unity\Hub\Editor\2022.3.43f1\Editor\radeonrays.dll:radeonrays.dll (00007FFF603D0000), size: 557056 (result: 0), SymType: '-deferred-', PDB: ''
C:\Program Files\Unity\Hub\Editor\2022.3.43f1\Editor\Data\MonoBleedingEdge\EmbedRuntime\mono-2.0-bdwgc.dll:mono-2.0-bdwgc.dll (00007FFF27E30000), size: 10825728 (result: 0), SymType: '-deferred-', PDB: ''
C:\WINDOWS\SYSTEM32\edputil.dll:edputil.dll (00007FF8034D0000), size: 167936 (result: 0), SymType: '-deferred-', PDB: '', fileVersion: 10.0.26100.5503
C:\Windows\System32\Windows.StateRepositoryPS.dll:Windows.StateRepositoryPS.dll (00007FFFED710000), size: 802816 (result: 0), SymType: '-deferred-', PDB: '', fileVersion: 10.0.26100.1591
C:\WINDOWS\SYSTEM32\urlmon.dll:urlmon.dll (00007FF811010000), size: 1949696 (result: 0), SymType: '-deferred-', PDB: '', fileVersion: 11.0.26100.5514
C:\WINDOWS\SYSTEM32\iertutil.dll:iertutil.dll (00007FF810D40000), size: 2928640 (result: 0), SymType: '-deferred-', PDB: '', fileVersion: 11.0.26100.5516
C:\WINDOWS\SYSTEM32\srvcli.dll:srvcli.dll (00007FF810D10000), size: 167936 (result: 0), SymType: '-deferred-', PDB: '', fileVersion: 10.0.26100.1150
C:\WINDOWS\SYSTEM32\netutils.dll:netutils.dll (00007FF822830000), size: 53248 (result: 0), SymType: '-deferred-', PDB: '', fileVersion: 10.0.26100.1
C:\WINDOWS\SYSTEM32\virtdisk.dll:virtdisk.dll (00007FFFED5D0000), size: 94208 (result: 0), SymType: '-deferred-', PDB: '', fileVersion: 10.0.26100.1591
D:\User\Desktop\Society\case\VR\3_ShootingTeach\shooting\Library\PackageCache\com.meta.xr.sdk.core@74.0.1\Plugins\Win64OpenXR\OVRPlugin.dll:OVRPlugin.dll (00007FFF1DFB0000), size: 8228864 (result: 0), SymType: '-deferred-', PDB: '', fileVersion: 1.106.0.0
C:\WINDOWS\SYSTEM32\WINNSI.DLL:WINNSI.DLL (00007FF8204C0000), size: 57344 (result: 0), SymType: '-deferred-', PDB: '', fileVersion: 10.0.26100.5516
C:\WINDOWS\SYSTEM32\gpapi.dll:gpapi.dll (00007FF8235A0000), size: 159744 (result: 0), SymType: '-deferred-', PDB: '', fileVersion: 10.0.26100.1301

========== OUTPUTTING STACK TRACE ==================

0x00007FF8242F947A (KERNELBASE) RaiseException
0x00007FF691847C80 (Unity) EditorMonoConsole::LogToConsoleImplementation
0x00007FF6918486FD (Unity) EditorMonoConsole::LogToConsoleImplementation
0x00007FF69250B61F (Unity) DebugStringToFilePostprocessedStacktrace
0x00007FF69250AD7A (Unity) DebugStringToFile
0x00007FF690A6320E (Unity) CachedReader::OutOfBoundsError
0x00007FF690A641D4 (Unity) CachedReader::UpdateReadCache
0x00007FF690DC84C1 (Unity) Transfer_Blittable_SingleValueField<StreamedBinaryRead,signed char>
0x00007FF690D1DB26 (Unity) ExecuteSerializationCommands<ConfigSettingsRead>
0x00007FF690DC9812 (Unity) Transfer_ManagedObject<StreamedBinaryRead,0>
0x00007FF690D1DB26 (Unity) ExecuteSerializationCommands<ConfigSettingsRead>
0x00007FF690DC9812 (Unity) Transfer_ManagedObject<StreamedBinaryRead,0>
0x00007FF690D1DC46 (Unity) ExecuteSerializationCommands<JSONRead>
0x00007FF690D37F28 (Unity) <lambda_580fa16bd23d18c3e466e7b58feca0a1>::operator()
0x00007FF690D31C01 (Unity) TransferScriptingObject<StreamedBinaryRead>
0x00007FF690D33509 (Unity) SerializableManagedRefTransfer::TransferScriptingObjectWithSerializedRefSupport<StreamedBinaryRead>
0x00007FF690D4B876 (Unity) SerializableManagedRefTransfer::TransferBinaryInstanceOnly
0x00007FF690D1F7BF (Unity) SerializableManagedRefTransfer::RestoreBackupImpl<SerializableManagedRefBackupGenerator>
0x00007FF690D1F5E5 (Unity) SerializableManagedRefTransfer::RestoreBackup<SerializableManagedRefBackupGenerator>
0x00007FF690DF9036 (Unity) SerializableManagedRefsUtilities::RestoreBackups
0x00007FF690D3E82A (Unity) MonoManager::FinalizeReload
0x00007FF690D46009 (Unity) MonoManager::ReloadAssembly
0x00007FF691CEE39B (Unity) LoadDomainAndUserAssemblies
0x00007FF6921D4114 (Unity) WorkerDomainReloadV2
0x00007FF6921F5325 (Unity) <lambda_b37b41f03089e3cb3f55061bbc93253d>::operator()
0x00007FF692230B32 (Unity) asio::detail::completion_handler<core::mutable_function<void __cdecl(void)>,asio::io_context::basic_executor_type<std::allocator<void>,0> >::do_complete
0x00007FF69221CADE (Unity) asio::detail::win_iocp_io_context::do_one
0x00007FF69221E744 (Unity) asio::detail::win_iocp_io_context::run
0x00007FF69222EEDC (Unity) IOService::Run
0x00007FF69220235F (Unity) AssetImportWorkerClient::Run
0x00007FF6921CDCC7 (Unity) RunAssetImportWorkerClientV2
0x00007FF6921CDD4B (Unity) RunAssetImporterV2
0x00007FF6919C7F2E (Unity) Application::InitializeProject
0x00007FF691E5A705 (Unity) WinMain
0x00007FF69320C44E (Unity) __scrt_common_main_seh
0x00007FF824D0E8D7 (KERNEL32) BaseThreadInitThunk
0x00007FF826F9C5DC (ntdll) RtlUserThreadStart

========== END OF STACKTRACE ===========

A crash has been intercepted by the crash handler. For call stack and other details, see the latest crash report generated in:
 * C:/Users/kent2/AppData/Local/Temp/Unity/Editor/Crashes
